<?xml version="1.0" encoding="UTF-8"?>
<!-- Generated by org.testng.reporters.JUnitReportReporter -->
<testsuite hostname="Annie-PC" name="com.annie.test.andriod.AndroidContactsTest" tests="1" failures="0" timestamp="7 Jan 2016 08:44:21 GMT" time="69.218" errors="0">
  <testcase name="addContact" time="69.218" classname="com.annie.test.andriod.AndroidContactsTest"/>
</testsuite> <!-- com.annie.test.andriod.AndroidContactsTest -->
